0 info it worked if it ends with ok
1 verbose cli [ '/usr/local/bin/node', '/usr/local/bin/npm', 'run', 'stop-all' ]
2 info using npm@4.1.2
3 info using node@v6.2.0
4 verbose run-script [ 'prestop-all', 'stop-all', 'poststop-all' ]
5 info lifecycle try-web-programming@~prestop-all: try-web-programming@
6 silly lifecycle try-web-programming@~prestop-all: no script for prestop-all, continuing
7 info lifecycle try-web-programming@~stop-all: try-web-programming@
8 verbose lifecycle try-web-programming@~stop-all: unsafe-perm in lifecycle true
9 verbose lifecycle try-web-programming@~stop-all: PATH: /usr/local/lib/node_modules/npm/bin/node-gyp-bin:/Users/wk/Source/github/TryWebProgramming/node_modules/.bin:/Users/wk/.sdkman/candidates/kotlin/current/bin:/usr/local/Cellar/qt5/5.8.0_1/bin:/Users/wk/Command:/usr/local/bin:/usr/bin:/bin:/usr/sbin:/sbin:/usr/local/share/dotnet:/usr/local/git/bin:/Library/Frameworks/Mono.framework/Versions/Current/Commands
10 verbose lifecycle try-web-programming@~stop-all: CWD: /Users/wk/Source/github/TryWebProgramming
11 silly lifecycle try-web-programming@~stop-all: Args: [ '-c', 'docker stop $(docker ps -a -q)' ]
12 silly lifecycle try-web-programming@~stop-all: Returned: code: 1  signal: null
13 info lifecycle try-web-programming@~stop-all: Failed to exec stop-all script
14 verbose stack Error: try-web-programming@ stop-all: `docker stop $(docker ps -a -q)`
14 verbose stack Exit status 1
14 verbose stack     at EventEmitter.<anonymous> (/usr/local/lib/node_modules/npm/lib/utils/lifecycle.js:279:16)
14 verbose stack     at emitTwo (events.js:106:13)
14 verbose stack     at EventEmitter.emit (events.js:191:7)
14 verbose stack     at ChildProcess.<anonymous> (/usr/local/lib/node_modules/npm/lib/utils/spawn.js:40:14)
14 verbose stack     at emitTwo (events.js:106:13)
14 verbose stack     at ChildProcess.emit (events.js:191:7)
14 verbose stack     at maybeClose (internal/child_process.js:850:16)
14 verbose stack     at Process.ChildProcess._handle.onexit (internal/child_process.js:215:5)
15 verbose pkgid try-web-programming@
16 verbose cwd /Users/wk/Source/github/TryWebProgramming
17 error Darwin 16.4.0
18 error argv "/usr/local/bin/node" "/usr/local/bin/npm" "run" "stop-all"
19 error node v6.2.0
20 error npm  v4.1.2
21 error code ELIFECYCLE
22 error try-web-programming@ stop-all: `docker stop $(docker ps -a -q)`
22 error Exit status 1
23 error Failed at the try-web-programming@ stop-all script 'docker stop $(docker ps -a -q)'.
23 error Make sure you have the latest version of node.js and npm installed.
23 error If you do, this is most likely a problem with the try-web-programming package,
23 error not with npm itself.
23 error Tell the author that this fails on your system:
23 error     docker stop $(docker ps -a -q)
23 error You can get information on how to open an issue for this project with:
23 error     npm bugs try-web-programming
23 error Or if that isn't available, you can get their info via:
23 error     npm owner ls try-web-programming
23 error There is likely additional logging output above.
24 verbose exit [ 1, true ]
